<?xml version="1.0" encoding="UTF-8"?><testsuite name="nosetests" tests="8" errors="0" failures="0" skip="0"><testcase classname="test_sine.TestSine" name="test_sine(0.25,)" time="0.216"></testcase><testcase classname="test_sine.TestSine" name="test_sine(0.25,)" time="0.406"></testcase><testcase classname="test_sine.TestSine" name="test_sine(0.5,)" time="0.470"></testcase><testcase classname="test_sine.TestSine" name="test_sine(0.5,)" time="0.647"></testcase><testcase classname="test_sine.TestSine" name="test_sine(1.0,)" time="0.982"></testcase><testcase classname="test_sine.TestSine" name="test_sine(1.0,)" time="1.156"></testcase><testcase classname="test_sine.TestSine" name="test_sine(2.0,)" time="1.977"></testcase><testcase classname="test_sine.TestSine" name="test_sine(2.0,)" time="2.156"></testcase></testsuite>