<?xml version="1.0" encoding="UTF-8"?><testsuite name="nosetests" tests="8" errors="0" failures="0" skip="0"><testcase classname="test_sine.TestSine" name="test_sine(0.25,)" time="0.215"></testcase><testcase classname="test_sine.TestSine" name="test_sine(0.25,)" time="0.595"></testcase><testcase classname="test_sine.TestSine" name="test_sine(0.5,)" time="0.472"></testcase><testcase classname="test_sine.TestSine" name="test_sine(0.5,)" time="0.861"></testcase><testcase classname="test_sine.TestSine" name="test_sine(1.0,)" time="0.984"></testcase><testcase classname="test_sine.TestSine" name="test_sine(1.0,)" time="1.408"></testcase><testcase classname="test_sine.TestSine" name="test_sine(2.0,)" time="2.011"></testcase><testcase classname="test_sine.TestSine" name="test_sine(2.0,)" time="2.330"></testcase></testsuite>